<?xml version="1.0" encoding="UTF-8"?>
<testng-results ignored="0" total="1" passed="0" failed="1" skipped="0">
  <reporter-output>
  </reporter-output>
  <suite started-at="2025-11-28T16:00:25 IST" name="Default suite" finished-at="2025-11-28T16:00:34 IST" duration-ms="9463">
    <groups>
      <group name="cucumber">
        <method signature="AbstractTestNGCucumberTests.runScenario(io.cucumber.testng.PickleWrapper,io.cucumber.testng.FeatureWrapper)[pri:0, instance:runner.Runnerfile@7817fd62]" name="runScenario" class="io.cucumber.testng.AbstractTestNGCucumberTests"/>
      </group> <!-- cucumber -->
    </groups>
    <test started-at="2025-11-28T16:00:25 IST" name="Default test" finished-at="2025-11-28T16:00:34 IST" duration-ms="9463">
      <class name="runner.Runnerfile">
        <test-method is-config="true" signature="setUpClass(org.testng.ITestContext)[pri:0, instance:runner.Runnerfile@7817fd62]" started-at="2025-11-28T16:00:25 IST" name="setUpClass" finished-at="2025-11-28T16:00:25 IST" duration-ms="434" status="PASS">
          <params>
            <param index="0">
              <value>
                <![CDATA[org.testng.TestRunner@58516c91]]>
              </value>
            </param>
          </params>
          <reporter-output>
          </reporter-output>
        </test-method> <!-- setUpClass -->
        <test-method signature="runScenario(io.cucumber.testng.PickleWrapper,io.cucumber.testng.FeatureWrapper)[pri:0, instance:runner.Runnerfile@7817fd62]" started-at="2025-11-28T16:00:25 IST" name="runScenario" description="Runs Cucumber Scenarios" data-provider="scenarios" finished-at="2025-11-28T16:00:34 IST" duration-ms="8841" status="FAIL">
          <params>
            <param index="0">
              <value>
                <![CDATA["To verify login functionality using valid credentials"]]>
              </value>
            </param>
            <param index="1">
              <value>
                <![CDATA["Login successfully"]]>
              </value>
            </param>
          </params>
          <exception class="java.lang.AssertionError">
            <message>
              <![CDATA[expected [My Account] but found [Account Login]]]>
            </message>
            <full-stacktrace>
              <![CDATA[java.lang.AssertionError: expected [My Account] but found [Account Login]
at org.testng.Assert.fail(Assert.java:111)
at org.testng.Assert.failNotEquals(Assert.java:1590)
at org.testng.Assert.assertEqualsImpl(Assert.java:150)
at org.testng.Assert.assertEquals(Assert.java:132)
at org.testng.Assert.assertEquals(Assert.java:656)
at org.testng.Assert.assertEquals(Assert.java:666)
at stepdefination.Step1.user_able_to_be_in_loginpage(Step1.java:36)
at âœ½.user able to be in loginpage(file:///C:/Users/jeeva/Documents/workspace-spring-tools-for-eclipse-4.32.2.RELEASE/TutorialNinjaAutomationProject/Ninja/login.feature:7)
]]>
            </full-stacktrace>
          </exception> <!-- java.lang.AssertionError -->
          <reporter-output>
          </reporter-output>
        </test-method> <!-- runScenario -->
        <test-method is-config="true" signature="tearDownClass()[pri:0, instance:runner.Runnerfile@7817fd62]" started-at="2025-11-28T16:00:34 IST" name="tearDownClass" finished-at="2025-11-28T16:00:34 IST" duration-ms="137" status="PASS">
          <reporter-output>
          </reporter-output>
        </test-method> <!-- tearDownClass -->
      </class> <!-- runner.Runnerfile -->
    </test> <!-- Default test -->
  </suite> <!-- Default suite -->
</testng-results>
