<?xml version="1.0" encoding="UTF-8"?>
<!-- Generated by org.testng.reporters.JUnitReportReporter -->
<testsuite hostname="JEEVAN" failures="1" tests="1" name="runner.Runnerfile" time="8.841" errors="0" timestamp="2025-11-28T16:00:34 IST" skipped="0">
  <testcase classname="runner.Runnerfile" name="runScenario" time="8.841">
    <failure message="expected [My Account] but found [Account Login]" type="java.lang.AssertionError">
      <![CDATA[java.lang.AssertionError: expected [My Account] but found [Account Login]
at org.testng.Assert.fail(Assert.java:111)
at org.testng.Assert.failNotEquals(Assert.java:1590)
at org.testng.Assert.assertEqualsImpl(Assert.java:150)
at org.testng.Assert.assertEquals(Assert.java:132)
at org.testng.Assert.assertEquals(Assert.java:656)
at org.testng.Assert.assertEquals(Assert.java:666)
at stepdefination.Step1.user_able_to_be_in_loginpage(Step1.java:36)
at ✽.user able to be in loginpage(file:///C:/Users/jeeva/Documents/workspace-spring-tools-for-eclipse-4.32.2.RELEASE/TutorialNinjaAutomationProject/Ninja/login.feature:7)
]]>
    </failure>
  </testcase> <!-- runScenario -->
</testsuite> <!-- runner.Runnerfile -->
